<?xml version="1.0" encoding="UTF-8"?>
<!-- Generated by org.testng.reporters.JUnitReportReporter -->
<testsuite hostname="Amit-PC" failures="0" tests="1" name="Book.TestKnowBook" time="0.032" errors="0" timestamp="10 May 2019 14:16:35 GMT" skipped="0">
  <testcase classname="Book.TestKnowBook" name="displ" time="0.032"/>
</testsuite> <!-- Book.TestKnowBook -->
